c:\users\sunny\source\repos\mike the mouse\debug\vc142.pdb
c:\users\sunny\source\repos\mike the mouse\debug\vc142.idb
c:\users\sunny\source\repos\mike the mouse\debug\scorelist.obj
c:\users\sunny\source\repos\mike the mouse\debug\score.obj
c:\users\sunny\source\repos\mike the mouse\debug\player.obj
c:\users\sunny\source\repos\mike the mouse\debug\item.obj
c:\users\sunny\source\repos\mike the mouse\debug\enemy3.obj
c:\users\sunny\source\repos\mike the mouse\debug\enemy2.obj
c:\users\sunny\source\repos\mike the mouse\debug\enemy.obj
c:\users\sunny\source\repos\mike the mouse\debug\bullet.obj
c:\users\sunny\source\repos\mike the mouse\debug\main.obj
c:\users\sunny\source\repos\mike the mouse\debug\game.obj
c:\users\sunny\source\repos\mike the mouse\debug\mike the mouse.exe
c:\users\sunny\source\repos\mike the mouse\debug\mike the mouse.ilk
c:\users\sunny\source\repos\mike the mouse\debug\mike the mouse.pdb
c:\users\sunny\source\repos\mike the mouse\debug\mike the mouse.tlog\cl.command.1.tlog
c:\users\sunny\source\repos\mike the mouse\debug\mike the mouse.tlog\cl.read.1.tlog
c:\users\sunny\source\repos\mike the mouse\debug\mike the mouse.tlog\cl.write.1.tlog
c:\users\sunny\source\repos\mike the mouse\debug\mike the mouse.tlog\link.command.1.tlog
c:\users\sunny\source\repos\mike the mouse\debug\mike the mouse.tlog\link.read.1.tlog
c:\users\sunny\source\repos\mike the mouse\debug\mike the mouse.tlog\link.write.1.tlog
